INFO:root:The bot started
INFO:httpx:HTTP Request: POST https://api.telegram.org/bot7799189731:AAEMRmHCqakU7Uw5xTGimQgZ2N7UQnaqhOA/getMe "HTTP/1.1 200 OK"
INFO:httpx:HTTP Request: POST https://api.telegram.org/bot7799189731:AAEMRmHCqakU7Uw5xTGimQgZ2N7UQnaqhOA/deleteWebhook "HTTP/1.1 200 OK"
INFO:telegram.ext.Application:Application started
INFO:httpx:HTTP Request: POST https://api.telegram.org/bot7799189731:AAEMRmHCqakU7Uw5xTGimQgZ2N7UQnaqhOA/getUpdates "HTTP/1.1 200 OK"
INFO:httpx:HTTP Request: POST https://api.telegram.org/bot7799189731:AAEMRmHCqakU7Uw5xTGimQgZ2N7UQnaqhOA/getUpdates "HTTP/1.1 200 OK"
INFO:httpx:HTTP Request: POST https://api.telegram.org/bot7799189731:AAEMRmHCqakU7Uw5xTGimQgZ2N7UQnaqhOA/getUpdates "HTTP/1.1 200 OK"
INFO:httpx:HTTP Request: POST https://api.telegram.org/bot7799189731:AAEMRmHCqakU7Uw5xTGimQgZ2N7UQnaqhOA/getUpdates "HTTP/1.1 200 OK"
INFO:httpx:HTTP Request: POST https://api.telegram.org/bot7799189731:AAEMRmHCqakU7Uw5xTGimQgZ2N7UQnaqhOA/getUpdates "HTTP/1.1 200 OK"
INFO:httpx:HTTP Request: POST https://api.telegram.org/bot7799189731:AAEMRmHCqakU7Uw5xTGimQgZ2N7UQnaqhOA/getUpdates "HTTP/1.1 200 OK"
INFO:httpx:HTTP Request: POST https://api.telegram.org/bot7799189731:AAEMRmHCqakU7Uw5xTGimQgZ2N7UQnaqhOA/getUpdates "HTTP/1.1 200 OK"
INFO:httpx:HTTP Request: POST https://api.telegram.org/bot7799189731:AAEMRmHCqakU7Uw5xTGimQgZ2N7UQnaqhOA/getUpdates "HTTP/1.1 200 OK"
INFO:httpx:HTTP Request: POST https://api.telegram.org/bot7799189731:AAEMRmHCqakU7Uw5xTGimQgZ2N7UQnaqhOA/getUpdates "HTTP/1.1 200 OK"
INFO:httpx:HTTP Request: POST https://api.telegram.org/bot7799189731:AAEMRmHCqakU7Uw5xTGimQgZ2N7UQnaqhOA/getUpdates "HTTP/1.1 200 OK"
INFO:httpx:HTTP Request: POST https://api.telegram.org/bot7799189731:AAEMRmHCqakU7Uw5xTGimQgZ2N7UQnaqhOA/getUpdates "HTTP/1.1 200 OK"
INFO:httpx:HTTP Request: POST https://api.telegram.org/bot7799189731:AAEMRmHCqakU7Uw5xTGimQgZ2N7UQnaqhOA/getUpdates "HTTP/1.1 200 OK"
INFO:httpx:HTTP Request: POST https://api.telegram.org/bot7799189731:AAEMRmHCqakU7Uw5xTGimQgZ2N7UQnaqhOA/getUpdates "HTTP/1.1 200 OK"
INFO:httpx:HTTP Request: POST https://api.telegram.org/bot7799189731:AAEMRmHCqakU7Uw5xTGimQgZ2N7UQnaqhOA/getUpdates "HTTP/1.1 200 OK"
INFO:httpx:HTTP Request: POST https://api.telegram.org/bot7799189731:AAEMRmHCqakU7Uw5xTGimQgZ2N7UQnaqhOA/getUpdates "HTTP/1.1 200 OK"
INFO:httpx:HTTP Request: POST https://api.telegram.org/bot7799189731:AAEMRmHCqakU7Uw5xTGimQgZ2N7UQnaqhOA/getUpdates "HTTP/1.1 200 OK"
INFO:httpx:HTTP Request: POST https://api.telegram.org/bot7799189731:AAEMRmHCqakU7Uw5xTGimQgZ2N7UQnaqhOA/getUpdates "HTTP/1.1 200 OK"
INFO:httpx:HTTP Request: POST https://api.telegram.org/bot7799189731:AAEMRmHCqakU7Uw5xTGimQgZ2N7UQnaqhOA/getUpdates "HTTP/1.1 200 OK"
INFO:httpx:HTTP Request: POST https://api.telegram.org/bot7799189731:AAEMRmHCqakU7Uw5xTGimQgZ2N7UQnaqhOA/getUpdates "HTTP/1.1 200 OK"
INFO:httpx:HTTP Request: POST https://api.telegram.org/bot7799189731:AAEMRmHCqakU7Uw5xTGimQgZ2N7UQnaqhOA/getUpdates "HTTP/1.1 200 OK"
INFO:httpx:HTTP Request: POST https://api.telegram.org/bot7799189731:AAEMRmHCqakU7Uw5xTGimQgZ2N7UQnaqhOA/getUpdates "HTTP/1.1 200 OK"
INFO:httpx:HTTP Request: POST https://api.telegram.org/bot7799189731:AAEMRmHCqakU7Uw5xTGimQgZ2N7UQnaqhOA/getUpdates "HTTP/1.1 200 OK"
INFO:httpx:HTTP Request: POST https://api.telegram.org/bot7799189731:AAEMRmHCqakU7Uw5xTGimQgZ2N7UQnaqhOA/getUpdates "HTTP/1.1 200 OK"
INFO:httpx:HTTP Request: POST https://api.telegram.org/bot7799189731:AAEMRmHCqakU7Uw5xTGimQgZ2N7UQnaqhOA/getUpdates "HTTP/1.1 200 OK"
INFO:httpx:HTTP Request: POST https://api.telegram.org/bot7799189731:AAEMRmHCqakU7Uw5xTGimQgZ2N7UQnaqhOA/getUpdates "HTTP/1.1 200 OK"
INFO:httpx:HTTP Request: POST https://api.telegram.org/bot7799189731:AAEMRmHCqakU7Uw5xTGimQgZ2N7UQnaqhOA/getUpdates "HTTP/1.1 200 OK"
INFO:httpx:HTTP Request: POST https://api.telegram.org/bot7799189731:AAEMRmHCqakU7Uw5xTGimQgZ2N7UQnaqhOA/getUpdates "HTTP/1.1 200 OK"
INFO:telegram.ext.Application:Application is stopping. This might take a moment.
INFO:telegram.ext.Application:Application.stop() complete
INFO:root:The bot started
INFO:httpx:HTTP Request: POST https://api.telegram.org/bot7799189731:AAEMRmHCqakU7Uw5xTGimQgZ2N7UQnaqhOA/getMe "HTTP/1.1 200 OK"
INFO:httpx:HTTP Request: POST https://api.telegram.org/bot7799189731:AAEMRmHCqakU7Uw5xTGimQgZ2N7UQnaqhOA/deleteWebhook "HTTP/1.1 200 OK"
INFO:telegram.ext.Application:Application started
INFO:httpx:HTTP Request: POST https://api.telegram.org/bot7799189731:AAEMRmHCqakU7Uw5xTGimQgZ2N7UQnaqhOA/getUpdates "HTTP/1.1 200 OK"
INFO:httpx:HTTP Request: POST https://api.telegram.org/bot7799189731:AAEMRmHCqakU7Uw5xTGimQgZ2N7UQnaqhOA/getUpdates "HTTP/1.1 200 OK"
INFO:httpx:HTTP Request: POST https://api.telegram.org/bot7799189731:AAEMRmHCqakU7Uw5xTGimQgZ2N7UQnaqhOA/getUpdates "HTTP/1.1 200 OK"
INFO:root:The bot started
INFO:httpx:HTTP Request: POST https://api.telegram.org/bot7799189731:AAEMRmHCqakU7Uw5xTGimQgZ2N7UQnaqhOA/getMe "HTTP/1.1 200 OK"
INFO:httpx:HTTP Request: POST https://api.telegram.org/bot7799189731:AAEMRmHCqakU7Uw5xTGimQgZ2N7UQnaqhOA/deleteWebhook "HTTP/1.1 200 OK"
INFO:telegram.ext.Application:Application started
INFO:httpx:HTTP Request: POST https://api.telegram.org/bot7799189731:AAEMRmHCqakU7Uw5xTGimQgZ2N7UQnaqhOA/getUpdates "HTTP/1.1 200 OK"
INFO:httpx:HTTP Request: POST https://api.telegram.org/bot7799189731:AAEMRmHCqakU7Uw5xTGimQgZ2N7UQnaqhOA/sendMessage "HTTP/1.1 200 OK"
INFO:httpx:HTTP Request: POST https://api.telegram.org/bot7799189731:AAEMRmHCqakU7Uw5xTGimQgZ2N7UQnaqhOA/getUpdates "HTTP/1.1 200 OK"
INFO:httpx:HTTP Request: POST https://api.telegram.org/bot7799189731:AAEMRmHCqakU7Uw5xTGimQgZ2N7UQnaqhOA/getUpdates "HTTP/1.1 200 OK"
INFO:httpx:HTTP Request: POST https://api.telegram.org/bot7799189731:AAEMRmHCqakU7Uw5xTGimQgZ2N7UQnaqhOA/getUpdates "HTTP/1.1 200 OK"
INFO:httpx:HTTP Request: POST https://api.telegram.org/bot7799189731:AAEMRmHCqakU7Uw5xTGimQgZ2N7UQnaqhOA/getUpdates "HTTP/1.1 200 OK"
INFO:telegram.ext.Application:Application is stopping. This might take a moment.
INFO:telegram.ext.Application:Application.stop() complete
INFO:root:The bot started
INFO:httpx:HTTP Request: POST https://api.telegram.org/bot7799189731:AAEMRmHCqakU7Uw5xTGimQgZ2N7UQnaqhOA/getMe "HTTP/1.1 200 OK"
INFO:httpx:HTTP Request: POST https://api.telegram.org/bot7799189731:AAEMRmHCqakU7Uw5xTGimQgZ2N7UQnaqhOA/deleteWebhook "HTTP/1.1 200 OK"
INFO:telegram.ext.Application:Application started
INFO:httpx:HTTP Request: POST https://api.telegram.org/bot7799189731:AAEMRmHCqakU7Uw5xTGimQgZ2N7UQnaqhOA/getUpdates "HTTP/1.1 200 OK"
INFO:httpx:HTTP Request: POST https://api.telegram.org/bot7799189731:AAEMRmHCqakU7Uw5xTGimQgZ2N7UQnaqhOA/sendMessage "HTTP/1.1 200 OK"
INFO:httpx:HTTP Request: POST https://api.telegram.org/bot7799189731:AAEMRmHCqakU7Uw5xTGimQgZ2N7UQnaqhOA/getUpdates "HTTP/1.1 200 OK"
INFO:httpx:HTTP Request: POST https://api.telegram.org/bot7799189731:AAEMRmHCqakU7Uw5xTGimQgZ2N7UQnaqhOA/getUpdates "HTTP/1.1 200 OK"
INFO:httpx:HTTP Request: POST https://api.telegram.org/bot7799189731:AAEMRmHCqakU7Uw5xTGimQgZ2N7UQnaqhOA/getUpdates "HTTP/1.1 200 OK"
INFO:httpx:HTTP Request: POST https://api.telegram.org/bot7799189731:AAEMRmHCqakU7Uw5xTGimQgZ2N7UQnaqhOA/getUpdates "HTTP/1.1 200 OK"
INFO:httpx:HTTP Request: POST https://api.telegram.org/bot7799189731:AAEMRmHCqakU7Uw5xTGimQgZ2N7UQnaqhOA/getUpdates "HTTP/1.1 200 OK"
INFO:httpx:HTTP Request: POST https://api.telegram.org/bot7799189731:AAEMRmHCqakU7Uw5xTGimQgZ2N7UQnaqhOA/getUpdates "HTTP/1.1 200 OK"
INFO:httpx:HTTP Request: POST https://api.telegram.org/bot7799189731:AAEMRmHCqakU7Uw5xTGimQgZ2N7UQnaqhOA/getUpdates "HTTP/1.1 200 OK"
INFO:httpx:HTTP Request: POST https://api.telegram.org/bot7799189731:AAEMRmHCqakU7Uw5xTGimQgZ2N7UQnaqhOA/getUpdates "HTTP/1.1 200 OK"
INFO:httpx:HTTP Request: POST https://api.telegram.org/bot7799189731:AAEMRmHCqakU7Uw5xTGimQgZ2N7UQnaqhOA/getUpdates "HTTP/1.1 200 OK"
INFO:httpx:HTTP Request: POST https://api.telegram.org/bot7799189731:AAEMRmHCqakU7Uw5xTGimQgZ2N7UQnaqhOA/getUpdates "HTTP/1.1 200 OK"
INFO:httpx:HTTP Request: POST https://api.telegram.org/bot7799189731:AAEMRmHCqakU7Uw5xTGimQgZ2N7UQnaqhOA/getUpdates "HTTP/1.1 200 OK"
INFO:httpx:HTTP Request: POST https://api.telegram.org/bot7799189731:AAEMRmHCqakU7Uw5xTGimQgZ2N7UQnaqhOA/getUpdates "HTTP/1.1 200 OK"
INFO:httpx:HTTP Request: POST https://api.telegram.org/bot7799189731:AAEMRmHCqakU7Uw5xTGimQgZ2N7UQnaqhOA/getUpdates "HTTP/1.1 200 OK"
INFO:httpx:HTTP Request: POST https://api.telegram.org/bot7799189731:AAEMRmHCqakU7Uw5xTGimQgZ2N7UQnaqhOA/getUpdates "HTTP/1.1 200 OK"
INFO:httpx:HTTP Request: POST https://api.telegram.org/bot7799189731:AAEMRmHCqakU7Uw5xTGimQgZ2N7UQnaqhOA/getUpdates "HTTP/1.1 200 OK"
INFO:httpx:HTTP Request: POST https://api.telegram.org/bot7799189731:AAEMRmHCqakU7Uw5xTGimQgZ2N7UQnaqhOA/getUpdates "HTTP/1.1 200 OK"
INFO:httpx:HTTP Request: POST https://api.telegram.org/bot7799189731:AAEMRmHCqakU7Uw5xTGimQgZ2N7UQnaqhOA/getUpdates "HTTP/1.1 200 OK"
INFO:httpx:HTTP Request: POST https://api.telegram.org/bot7799189731:AAEMRmHCqakU7Uw5xTGimQgZ2N7UQnaqhOA/getUpdates "HTTP/1.1 200 OK"
INFO:httpx:HTTP Request: POST https://api.telegram.org/bot7799189731:AAEMRmHCqakU7Uw5xTGimQgZ2N7UQnaqhOA/getUpdates "HTTP/1.1 200 OK"
INFO:httpx:HTTP Request: POST https://api.telegram.org/bot7799189731:AAEMRmHCqakU7Uw5xTGimQgZ2N7UQnaqhOA/getUpdates "HTTP/1.1 200 OK"
INFO:httpx:HTTP Request: POST https://api.telegram.org/bot7799189731:AAEMRmHCqakU7Uw5xTGimQgZ2N7UQnaqhOA/getUpdates "HTTP/1.1 200 OK"
INFO:httpx:HTTP Request: POST https://api.telegram.org/bot7799189731:AAEMRmHCqakU7Uw5xTGimQgZ2N7UQnaqhOA/getUpdates "HTTP/1.1 200 OK"
INFO:httpx:HTTP Request: POST https://api.telegram.org/bot7799189731:AAEMRmHCqakU7Uw5xTGimQgZ2N7UQnaqhOA/getUpdates "HTTP/1.1 200 OK"
INFO:httpx:HTTP Request: POST https://api.telegram.org/bot7799189731:AAEMRmHCqakU7Uw5xTGimQgZ2N7UQnaqhOA/getUpdates "HTTP/1.1 200 OK"
INFO:httpx:HTTP Request: POST https://api.telegram.org/bot7799189731:AAEMRmHCqakU7Uw5xTGimQgZ2N7UQnaqhOA/getUpdates "HTTP/1.1 200 OK"
INFO:httpx:HTTP Request: POST https://api.telegram.org/bot7799189731:AAEMRmHCqakU7Uw5xTGimQgZ2N7UQnaqhOA/getUpdates "HTTP/1.1 200 OK"
INFO:httpx:HTTP Request: POST https://api.telegram.org/bot7799189731:AAEMRmHCqakU7Uw5xTGimQgZ2N7UQnaqhOA/getUpdates "HTTP/1.1 200 OK"
INFO:httpx:HTTP Request: POST https://api.telegram.org/bot7799189731:AAEMRmHCqakU7Uw5xTGimQgZ2N7UQnaqhOA/getUpdates "HTTP/1.1 200 OK"
INFO:httpx:HTTP Request: POST https://api.telegram.org/bot7799189731:AAEMRmHCqakU7Uw5xTGimQgZ2N7UQnaqhOA/getUpdates "HTTP/1.1 200 OK"
INFO:httpx:HTTP Request: POST https://api.telegram.org/bot7799189731:AAEMRmHCqakU7Uw5xTGimQgZ2N7UQnaqhOA/getUpdates "HTTP/1.1 200 OK"
INFO:httpx:HTTP Request: POST https://api.telegram.org/bot7799189731:AAEMRmHCqakU7Uw5xTGimQgZ2N7UQnaqhOA/getUpdates "HTTP/1.1 200 OK"
INFO:httpx:HTTP Request: POST https://api.telegram.org/bot7799189731:AAEMRmHCqakU7Uw5xTGimQgZ2N7UQnaqhOA/getUpdates "HTTP/1.1 200 OK"
INFO:httpx:HTTP Request: POST https://api.telegram.org/bot7799189731:AAEMRmHCqakU7Uw5xTGimQgZ2N7UQnaqhOA/getUpdates "HTTP/1.1 200 OK"
INFO:httpx:HTTP Request: POST https://api.telegram.org/bot7799189731:AAEMRmHCqakU7Uw5xTGimQgZ2N7UQnaqhOA/getUpdates "HTTP/1.1 200 OK"
INFO:httpx:HTTP Request: POST https://api.telegram.org/bot7799189731:AAEMRmHCqakU7Uw5xTGimQgZ2N7UQnaqhOA/getUpdates "HTTP/1.1 200 OK"
INFO:httpx:HTTP Request: POST https://api.telegram.org/bot7799189731:AAEMRmHCqakU7Uw5xTGimQgZ2N7UQnaqhOA/getUpdates "HTTP/1.1 200 OK"
INFO:httpx:HTTP Request: POST https://api.telegram.org/bot7799189731:AAEMRmHCqakU7Uw5xTGimQgZ2N7UQnaqhOA/getUpdates "HTTP/1.1 200 OK"
INFO:httpx:HTTP Request: POST https://api.telegram.org/bot7799189731:AAEMRmHCqakU7Uw5xTGimQgZ2N7UQnaqhOA/getUpdates "HTTP/1.1 200 OK"
INFO:httpx:HTTP Request: POST https://api.telegram.org/bot7799189731:AAEMRmHCqakU7Uw5xTGimQgZ2N7UQnaqhOA/getUpdates "HTTP/1.1 200 OK"
INFO:httpx:HTTP Request: POST https://api.telegram.org/bot7799189731:AAEMRmHCqakU7Uw5xTGimQgZ2N7UQnaqhOA/getUpdates "HTTP/1.1 200 OK"
INFO:httpx:HTTP Request: POST https://api.telegram.org/bot7799189731:AAEMRmHCqakU7Uw5xTGimQgZ2N7UQnaqhOA/getUpdates "HTTP/1.1 200 OK"
INFO:telegram.ext.Application:Application is stopping. This might take a moment.
INFO:telegram.ext.Application:Application.stop() complete
INFO:root:The bot started
INFO:httpx:HTTP Request: POST https://api.telegram.org/bot7799189731:AAEMRmHCqakU7Uw5xTGimQgZ2N7UQnaqhOA/getMe "HTTP/1.1 200 OK"
INFO:httpx:HTTP Request: POST https://api.telegram.org/bot7799189731:AAEMRmHCqakU7Uw5xTGimQgZ2N7UQnaqhOA/deleteWebhook "HTTP/1.1 200 OK"
INFO:telegram.ext.Application:Application started
INFO:httpx:HTTP Request: POST https://api.telegram.org/bot7799189731:AAEMRmHCqakU7Uw5xTGimQgZ2N7UQnaqhOA/getUpdates "HTTP/1.1 200 OK"
INFO:httpx:HTTP Request: POST https://api.telegram.org/bot7799189731:AAEMRmHCqakU7Uw5xTGimQgZ2N7UQnaqhOA/sendMessage "HTTP/1.1 400 Bad Request"
ERROR:telegram.ext.Application:No error handlers are registered, logging exception.
Traceback (most recent call last):
  File "/Users/kristina.bakancheva/project/virtual_enviroments/calendar_telegram_miniapp_venv/lib/python3.13/site-packages/telegram/ext/_application.py", line 1325, in process_update
    await coroutine
  File "/Users/kristina.bakancheva/project/virtual_enviroments/calendar_telegram_miniapp_venv/lib/python3.13/site-packages/telegram/ext/_handlers/basehandler.py", line 158, in handle_update
    return await self.callback(update, context)
           ^^^^^^^^^^^^^^^^^^^^^^^^^^^^^^^^^^^^
  File "/Users/kristina.bakancheva/project/calendar_telegram_miniapp/telegram_bot/bot.py", line 15, in start
    await update.message.reply_text(
    ...<5 lines>...
        ))
  File "/Users/kristina.bakancheva/project/virtual_enviroments/calendar_telegram_miniapp_venv/lib/python3.13/site-packages/telegram/_message.py", line 1771, in reply_text
    return await self.get_bot().send_message(
           ^^^^^^^^^^^^^^^^^^^^^^^^^^^^^^^^^^
    ...<20 lines>...
    )
    ^
  File "/Users/kristina.bakancheva/project/virtual_enviroments/calendar_telegram_miniapp_venv/lib/python3.13/site-packages/telegram/ext/_extbot.py", line 2965, in send_message
    return await super().send_message(
           ^^^^^^^^^^^^^^^^^^^^^^^^^^^
    ...<21 lines>...
    )
    ^
  File "/Users/kristina.bakancheva/project/virtual_enviroments/calendar_telegram_miniapp_venv/lib/python3.13/site-packages/telegram/_bot.py", line 1019, in send_message
    return await self._send_message(
           ^^^^^^^^^^^^^^^^^^^^^^^^^
    ...<19 lines>...
    )
    ^
  File "/Users/kristina.bakancheva/project/virtual_enviroments/calendar_telegram_miniapp_venv/lib/python3.13/site-packages/telegram/ext/_extbot.py", line 610, in _send_message
    result = await super()._send_message(
             ^^^^^^^^^^^^^^^^^^^^^^^^^^^^
    ...<21 lines>...
    )
    ^
  File "/Users/kristina.bakancheva/project/virtual_enviroments/calendar_telegram_miniapp_venv/lib/python3.13/site-packages/telegram/_bot.py", line 731, in _send_message
    result = await self._post(
             ^^^^^^^^^^^^^^^^^
    ...<7 lines>...
    )
    ^
  File "/Users/kristina.bakancheva/project/virtual_enviroments/calendar_telegram_miniapp_venv/lib/python3.13/site-packages/telegram/_bot.py", line 619, in _post
    return await self._do_post(
           ^^^^^^^^^^^^^^^^^^^^
    ...<6 lines>...
    )
    ^
  File "/Users/kristina.bakancheva/project/virtual_enviroments/calendar_telegram_miniapp_venv/lib/python3.13/site-packages/telegram/ext/_extbot.py", line 354, in _do_post
    return await super()._do_post(
           ^^^^^^^^^^^^^^^^^^^^^^^
    ...<6 lines>...
    )
    ^
  File "/Users/kristina.bakancheva/project/virtual_enviroments/calendar_telegram_miniapp_venv/lib/python3.13/site-packages/telegram/_bot.py", line 648, in _do_post
    result = await request.post(
             ^^^^^^^^^^^^^^^^^^^
    ...<6 lines>...
    )
    ^
  File "/Users/kristina.bakancheva/project/virtual_enviroments/calendar_telegram_miniapp_venv/lib/python3.13/site-packages/telegram/request/_baserequest.py", line 202, in post
    result = await self._request_wrapper(
             ^^^^^^^^^^^^^^^^^^^^^^^^^^^^
    ...<7 lines>...
    )
    ^
  File "/Users/kristina.bakancheva/project/virtual_enviroments/calendar_telegram_miniapp_venv/lib/python3.13/site-packages/telegram/request/_baserequest.py", line 383, in _request_wrapper
    raise BadRequest(message)
telegram.error.BadRequest: Keyboard button web app url '' is invalid: url host is empty
INFO:httpx:HTTP Request: POST https://api.telegram.org/bot7799189731:AAEMRmHCqakU7Uw5xTGimQgZ2N7UQnaqhOA/getUpdates "HTTP/1.1 200 OK"
INFO:httpx:HTTP Request: POST https://api.telegram.org/bot7799189731:AAEMRmHCqakU7Uw5xTGimQgZ2N7UQnaqhOA/getUpdates "HTTP/1.1 200 OK"
INFO:httpx:HTTP Request: POST https://api.telegram.org/bot7799189731:AAEMRmHCqakU7Uw5xTGimQgZ2N7UQnaqhOA/getUpdates "HTTP/1.1 200 OK"
INFO:httpx:HTTP Request: POST https://api.telegram.org/bot7799189731:AAEMRmHCqakU7Uw5xTGimQgZ2N7UQnaqhOA/getUpdates "HTTP/1.1 200 OK"
INFO:httpx:HTTP Request: POST https://api.telegram.org/bot7799189731:AAEMRmHCqakU7Uw5xTGimQgZ2N7UQnaqhOA/getUpdates "HTTP/1.1 200 OK"
INFO:httpx:HTTP Request: POST https://api.telegram.org/bot7799189731:AAEMRmHCqakU7Uw5xTGimQgZ2N7UQnaqhOA/getUpdates "HTTP/1.1 200 OK"
INFO:httpx:HTTP Request: POST https://api.telegram.org/bot7799189731:AAEMRmHCqakU7Uw5xTGimQgZ2N7UQnaqhOA/getUpdates "HTTP/1.1 200 OK"
INFO:httpx:HTTP Request: POST https://api.telegram.org/bot7799189731:AAEMRmHCqakU7Uw5xTGimQgZ2N7UQnaqhOA/getUpdates "HTTP/1.1 200 OK"
INFO:httpx:HTTP Request: POST https://api.telegram.org/bot7799189731:AAEMRmHCqakU7Uw5xTGimQgZ2N7UQnaqhOA/getUpdates "HTTP/1.1 200 OK"
INFO:httpx:HTTP Request: POST https://api.telegram.org/bot7799189731:AAEMRmHCqakU7Uw5xTGimQgZ2N7UQnaqhOA/getUpdates "HTTP/1.1 200 OK"
INFO:httpx:HTTP Request: POST https://api.telegram.org/bot7799189731:AAEMRmHCqakU7Uw5xTGimQgZ2N7UQnaqhOA/getUpdates "HTTP/1.1 200 OK"
INFO:httpx:HTTP Request: POST https://api.telegram.org/bot7799189731:AAEMRmHCqakU7Uw5xTGimQgZ2N7UQnaqhOA/getUpdates "HTTP/1.1 200 OK"
INFO:httpx:HTTP Request: POST https://api.telegram.org/bot7799189731:AAEMRmHCqakU7Uw5xTGimQgZ2N7UQnaqhOA/getUpdates "HTTP/1.1 200 OK"
INFO:httpx:HTTP Request: POST https://api.telegram.org/bot7799189731:AAEMRmHCqakU7Uw5xTGimQgZ2N7UQnaqhOA/getUpdates "HTTP/1.1 200 OK"
INFO:httpx:HTTP Request: POST https://api.telegram.org/bot7799189731:AAEMRmHCqakU7Uw5xTGimQgZ2N7UQnaqhOA/getUpdates "HTTP/1.1 200 OK"
INFO:httpx:HTTP Request: POST https://api.telegram.org/bot7799189731:AAEMRmHCqakU7Uw5xTGimQgZ2N7UQnaqhOA/getUpdates "HTTP/1.1 200 OK"
INFO:httpx:HTTP Request: POST https://api.telegram.org/bot7799189731:AAEMRmHCqakU7Uw5xTGimQgZ2N7UQnaqhOA/getUpdates "HTTP/1.1 200 OK"
INFO:httpx:HTTP Request: POST https://api.telegram.org/bot7799189731:AAEMRmHCqakU7Uw5xTGimQgZ2N7UQnaqhOA/getUpdates "HTTP/1.1 200 OK"
INFO:httpx:HTTP Request: POST https://api.telegram.org/bot7799189731:AAEMRmHCqakU7Uw5xTGimQgZ2N7UQnaqhOA/getUpdates "HTTP/1.1 200 OK"
INFO:httpx:HTTP Request: POST https://api.telegram.org/bot7799189731:AAEMRmHCqakU7Uw5xTGimQgZ2N7UQnaqhOA/getUpdates "HTTP/1.1 200 OK"
INFO:httpx:HTTP Request: POST https://api.telegram.org/bot7799189731:AAEMRmHCqakU7Uw5xTGimQgZ2N7UQnaqhOA/getUpdates "HTTP/1.1 200 OK"
INFO:httpx:HTTP Request: POST https://api.telegram.org/bot7799189731:AAEMRmHCqakU7Uw5xTGimQgZ2N7UQnaqhOA/getUpdates "HTTP/1.1 200 OK"
INFO:httpx:HTTP Request: POST https://api.telegram.org/bot7799189731:AAEMRmHCqakU7Uw5xTGimQgZ2N7UQnaqhOA/getUpdates "HTTP/1.1 200 OK"
INFO:httpx:HTTP Request: POST https://api.telegram.org/bot7799189731:AAEMRmHCqakU7Uw5xTGimQgZ2N7UQnaqhOA/getUpdates "HTTP/1.1 200 OK"
INFO:httpx:HTTP Request: POST https://api.telegram.org/bot7799189731:AAEMRmHCqakU7Uw5xTGimQgZ2N7UQnaqhOA/getUpdates "HTTP/1.1 200 OK"
INFO:httpx:HTTP Request: POST https://api.telegram.org/bot7799189731:AAEMRmHCqakU7Uw5xTGimQgZ2N7UQnaqhOA/getUpdates "HTTP/1.1 200 OK"
INFO:httpx:HTTP Request: POST https://api.telegram.org/bot7799189731:AAEMRmHCqakU7Uw5xTGimQgZ2N7UQnaqhOA/getUpdates "HTTP/1.1 200 OK"
INFO:httpx:HTTP Request: POST https://api.telegram.org/bot7799189731:AAEMRmHCqakU7Uw5xTGimQgZ2N7UQnaqhOA/getUpdates "HTTP/1.1 200 OK"
INFO:httpx:HTTP Request: POST https://api.telegram.org/bot7799189731:AAEMRmHCqakU7Uw5xTGimQgZ2N7UQnaqhOA/getUpdates "HTTP/1.1 200 OK"
INFO:httpx:HTTP Request: POST https://api.telegram.org/bot7799189731:AAEMRmHCqakU7Uw5xTGimQgZ2N7UQnaqhOA/getUpdates "HTTP/1.1 200 OK"
INFO:httpx:HTTP Request: POST https://api.telegram.org/bot7799189731:AAEMRmHCqakU7Uw5xTGimQgZ2N7UQnaqhOA/getUpdates "HTTP/1.1 200 OK"
INFO:httpx:HTTP Request: POST https://api.telegram.org/bot7799189731:AAEMRmHCqakU7Uw5xTGimQgZ2N7UQnaqhOA/getUpdates "HTTP/1.1 200 OK"
INFO:httpx:HTTP Request: POST https://api.telegram.org/bot7799189731:AAEMRmHCqakU7Uw5xTGimQgZ2N7UQnaqhOA/getUpdates "HTTP/1.1 200 OK"
INFO:httpx:HTTP Request: POST https://api.telegram.org/bot7799189731:AAEMRmHCqakU7Uw5xTGimQgZ2N7UQnaqhOA/getUpdates "HTTP/1.1 200 OK"
INFO:httpx:HTTP Request: POST https://api.telegram.org/bot7799189731:AAEMRmHCqakU7Uw5xTGimQgZ2N7UQnaqhOA/getUpdates "HTTP/1.1 200 OK"
INFO:httpx:HTTP Request: POST https://api.telegram.org/bot7799189731:AAEMRmHCqakU7Uw5xTGimQgZ2N7UQnaqhOA/getUpdates "HTTP/1.1 200 OK"
INFO:httpx:HTTP Request: POST https://api.telegram.org/bot7799189731:AAEMRmHCqakU7Uw5xTGimQgZ2N7UQnaqhOA/getUpdates "HTTP/1.1 200 OK"
INFO:httpx:HTTP Request: POST https://api.telegram.org/bot7799189731:AAEMRmHCqakU7Uw5xTGimQgZ2N7UQnaqhOA/getUpdates "HTTP/1.1 200 OK"
INFO:httpx:HTTP Request: POST https://api.telegram.org/bot7799189731:AAEMRmHCqakU7Uw5xTGimQgZ2N7UQnaqhOA/getUpdates "HTTP/1.1 200 OK"
INFO:httpx:HTTP Request: POST https://api.telegram.org/bot7799189731:AAEMRmHCqakU7Uw5xTGimQgZ2N7UQnaqhOA/getUpdates "HTTP/1.1 200 OK"
INFO:httpx:HTTP Request: POST https://api.telegram.org/bot7799189731:AAEMRmHCqakU7Uw5xTGimQgZ2N7UQnaqhOA/getUpdates "HTTP/1.1 200 OK"
INFO:httpx:HTTP Request: POST https://api.telegram.org/bot7799189731:AAEMRmHCqakU7Uw5xTGimQgZ2N7UQnaqhOA/getUpdates "HTTP/1.1 200 OK"
INFO:httpx:HTTP Request: POST https://api.telegram.org/bot7799189731:AAEMRmHCqakU7Uw5xTGimQgZ2N7UQnaqhOA/getUpdates "HTTP/1.1 200 OK"
INFO:httpx:HTTP Request: POST https://api.telegram.org/bot7799189731:AAEMRmHCqakU7Uw5xTGimQgZ2N7UQnaqhOA/getUpdates "HTTP/1.1 200 OK"
INFO:httpx:HTTP Request: POST https://api.telegram.org/bot7799189731:AAEMRmHCqakU7Uw5xTGimQgZ2N7UQnaqhOA/getUpdates "HTTP/1.1 200 OK"
INFO:httpx:HTTP Request: POST https://api.telegram.org/bot7799189731:AAEMRmHCqakU7Uw5xTGimQgZ2N7UQnaqhOA/getUpdates "HTTP/1.1 200 OK"
INFO:httpx:HTTP Request: POST https://api.telegram.org/bot7799189731:AAEMRmHCqakU7Uw5xTGimQgZ2N7UQnaqhOA/getUpdates "HTTP/1.1 200 OK"
INFO:httpx:HTTP Request: POST https://api.telegram.org/bot7799189731:AAEMRmHCqakU7Uw5xTGimQgZ2N7UQnaqhOA/getUpdates "HTTP/1.1 200 OK"
INFO:httpx:HTTP Request: POST https://api.telegram.org/bot7799189731:AAEMRmHCqakU7Uw5xTGimQgZ2N7UQnaqhOA/getUpdates "HTTP/1.1 200 OK"
INFO:httpx:HTTP Request: POST https://api.telegram.org/bot7799189731:AAEMRmHCqakU7Uw5xTGimQgZ2N7UQnaqhOA/getUpdates "HTTP/1.1 200 OK"
INFO:httpx:HTTP Request: POST https://api.telegram.org/bot7799189731:AAEMRmHCqakU7Uw5xTGimQgZ2N7UQnaqhOA/getUpdates "HTTP/1.1 200 OK"
INFO:httpx:HTTP Request: POST https://api.telegram.org/bot7799189731:AAEMRmHCqakU7Uw5xTGimQgZ2N7UQnaqhOA/getUpdates "HTTP/1.1 200 OK"
INFO:httpx:HTTP Request: POST https://api.telegram.org/bot7799189731:AAEMRmHCqakU7Uw5xTGimQgZ2N7UQnaqhOA/getUpdates "HTTP/1.1 200 OK"
INFO:httpx:HTTP Request: POST https://api.telegram.org/bot7799189731:AAEMRmHCqakU7Uw5xTGimQgZ2N7UQnaqhOA/getUpdates "HTTP/1.1 200 OK"
INFO:httpx:HTTP Request: POST https://api.telegram.org/bot7799189731:AAEMRmHCqakU7Uw5xTGimQgZ2N7UQnaqhOA/getUpdates "HTTP/1.1 200 OK"
INFO:httpx:HTTP Request: POST https://api.telegram.org/bot7799189731:AAEMRmHCqakU7Uw5xTGimQgZ2N7UQnaqhOA/getUpdates "HTTP/1.1 200 OK"
INFO:httpx:HTTP Request: POST https://api.telegram.org/bot7799189731:AAEMRmHCqakU7Uw5xTGimQgZ2N7UQnaqhOA/getUpdates "HTTP/1.1 200 OK"
INFO:httpx:HTTP Request: POST https://api.telegram.org/bot7799189731:AAEMRmHCqakU7Uw5xTGimQgZ2N7UQnaqhOA/getUpdates "HTTP/1.1 200 OK"
INFO:httpx:HTTP Request: POST https://api.telegram.org/bot7799189731:AAEMRmHCqakU7Uw5xTGimQgZ2N7UQnaqhOA/getUpdates "HTTP/1.1 200 OK"
INFO:httpx:HTTP Request: POST https://api.telegram.org/bot7799189731:AAEMRmHCqakU7Uw5xTGimQgZ2N7UQnaqhOA/getUpdates "HTTP/1.1 200 OK"
INFO:httpx:HTTP Request: POST https://api.telegram.org/bot7799189731:AAEMRmHCqakU7Uw5xTGimQgZ2N7UQnaqhOA/getUpdates "HTTP/1.1 200 OK"
INFO:httpx:HTTP Request: POST https://api.telegram.org/bot7799189731:AAEMRmHCqakU7Uw5xTGimQgZ2N7UQnaqhOA/getUpdates "HTTP/1.1 200 OK"
INFO:httpx:HTTP Request: POST https://api.telegram.org/bot7799189731:AAEMRmHCqakU7Uw5xTGimQgZ2N7UQnaqhOA/getUpdates "HTTP/1.1 200 OK"
INFO:httpx:HTTP Request: POST https://api.telegram.org/bot7799189731:AAEMRmHCqakU7Uw5xTGimQgZ2N7UQnaqhOA/getUpdates "HTTP/1.1 200 OK"
INFO:httpx:HTTP Request: POST https://api.telegram.org/bot7799189731:AAEMRmHCqakU7Uw5xTGimQgZ2N7UQnaqhOA/getUpdates "HTTP/1.1 200 OK"
INFO:httpx:HTTP Request: POST https://api.telegram.org/bot7799189731:AAEMRmHCqakU7Uw5xTGimQgZ2N7UQnaqhOA/getUpdates "HTTP/1.1 200 OK"
INFO:httpx:HTTP Request: POST https://api.telegram.org/bot7799189731:AAEMRmHCqakU7Uw5xTGimQgZ2N7UQnaqhOA/getUpdates "HTTP/1.1 200 OK"
INFO:httpx:HTTP Request: POST https://api.telegram.org/bot7799189731:AAEMRmHCqakU7Uw5xTGimQgZ2N7UQnaqhOA/getUpdates "HTTP/1.1 200 OK"
INFO:httpx:HTTP Request: POST https://api.telegram.org/bot7799189731:AAEMRmHCqakU7Uw5xTGimQgZ2N7UQnaqhOA/getUpdates "HTTP/1.1 200 OK"
INFO:httpx:HTTP Request: POST https://api.telegram.org/bot7799189731:AAEMRmHCqakU7Uw5xTGimQgZ2N7UQnaqhOA/getUpdates "HTTP/1.1 200 OK"
INFO:httpx:HTTP Request: POST https://api.telegram.org/bot7799189731:AAEMRmHCqakU7Uw5xTGimQgZ2N7UQnaqhOA/getUpdates "HTTP/1.1 200 OK"
INFO:httpx:HTTP Request: POST https://api.telegram.org/bot7799189731:AAEMRmHCqakU7Uw5xTGimQgZ2N7UQnaqhOA/getUpdates "HTTP/1.1 200 OK"
INFO:httpx:HTTP Request: POST https://api.telegram.org/bot7799189731:AAEMRmHCqakU7Uw5xTGimQgZ2N7UQnaqhOA/getUpdates "HTTP/1.1 200 OK"
INFO:httpx:HTTP Request: POST https://api.telegram.org/bot7799189731:AAEMRmHCqakU7Uw5xTGimQgZ2N7UQnaqhOA/getUpdates "HTTP/1.1 200 OK"
INFO:httpx:HTTP Request: POST https://api.telegram.org/bot7799189731:AAEMRmHCqakU7Uw5xTGimQgZ2N7UQnaqhOA/getUpdates "HTTP/1.1 200 OK"
INFO:httpx:HTTP Request: POST https://api.telegram.org/bot7799189731:AAEMRmHCqakU7Uw5xTGimQgZ2N7UQnaqhOA/getUpdates "HTTP/1.1 200 OK"
INFO:httpx:HTTP Request: POST https://api.telegram.org/bot7799189731:AAEMRmHCqakU7Uw5xTGimQgZ2N7UQnaqhOA/getUpdates "HTTP/1.1 200 OK"
INFO:httpx:HTTP Request: POST https://api.telegram.org/bot7799189731:AAEMRmHCqakU7Uw5xTGimQgZ2N7UQnaqhOA/getUpdates "HTTP/1.1 200 OK"
INFO:httpx:HTTP Request: POST https://api.telegram.org/bot7799189731:AAEMRmHCqakU7Uw5xTGimQgZ2N7UQnaqhOA/getUpdates "HTTP/1.1 200 OK"
INFO:httpx:HTTP Request: POST https://api.telegram.org/bot7799189731:AAEMRmHCqakU7Uw5xTGimQgZ2N7UQnaqhOA/getUpdates "HTTP/1.1 200 OK"
INFO:httpx:HTTP Request: POST https://api.telegram.org/bot7799189731:AAEMRmHCqakU7Uw5xTGimQgZ2N7UQnaqhOA/getUpdates "HTTP/1.1 200 OK"
INFO:httpx:HTTP Request: POST https://api.telegram.org/bot7799189731:AAEMRmHCqakU7Uw5xTGimQgZ2N7UQnaqhOA/getUpdates "HTTP/1.1 200 OK"
INFO:httpx:HTTP Request: POST https://api.telegram.org/bot7799189731:AAEMRmHCqakU7Uw5xTGimQgZ2N7UQnaqhOA/getUpdates "HTTP/1.1 200 OK"
INFO:httpx:HTTP Request: POST https://api.telegram.org/bot7799189731:AAEMRmHCqakU7Uw5xTGimQgZ2N7UQnaqhOA/getUpdates "HTTP/1.1 200 OK"
INFO:httpx:HTTP Request: POST https://api.telegram.org/bot7799189731:AAEMRmHCqakU7Uw5xTGimQgZ2N7UQnaqhOA/getUpdates "HTTP/1.1 200 OK"
INFO:httpx:HTTP Request: POST https://api.telegram.org/bot7799189731:AAEMRmHCqakU7Uw5xTGimQgZ2N7UQnaqhOA/getUpdates "HTTP/1.1 200 OK"
INFO:httpx:HTTP Request: POST https://api.telegram.org/bot7799189731:AAEMRmHCqakU7Uw5xTGimQgZ2N7UQnaqhOA/getUpdates "HTTP/1.1 200 OK"
INFO:httpx:HTTP Request: POST https://api.telegram.org/bot7799189731:AAEMRmHCqakU7Uw5xTGimQgZ2N7UQnaqhOA/getUpdates "HTTP/1.1 200 OK"
INFO:httpx:HTTP Request: POST https://api.telegram.org/bot7799189731:AAEMRmHCqakU7Uw5xTGimQgZ2N7UQnaqhOA/getUpdates "HTTP/1.1 200 OK"
INFO:httpx:HTTP Request: POST https://api.telegram.org/bot7799189731:AAEMRmHCqakU7Uw5xTGimQgZ2N7UQnaqhOA/getUpdates "HTTP/1.1 200 OK"
INFO:httpx:HTTP Request: POST https://api.telegram.org/bot7799189731:AAEMRmHCqakU7Uw5xTGimQgZ2N7UQnaqhOA/getUpdates "HTTP/1.1 200 OK"
INFO:httpx:HTTP Request: POST https://api.telegram.org/bot7799189731:AAEMRmHCqakU7Uw5xTGimQgZ2N7UQnaqhOA/getUpdates "HTTP/1.1 200 OK"
INFO:httpx:HTTP Request: POST https://api.telegram.org/bot7799189731:AAEMRmHCqakU7Uw5xTGimQgZ2N7UQnaqhOA/getUpdates "HTTP/1.1 200 OK"
INFO:httpx:HTTP Request: POST https://api.telegram.org/bot7799189731:AAEMRmHCqakU7Uw5xTGimQgZ2N7UQnaqhOA/getUpdates "HTTP/1.1 200 OK"
INFO:httpx:HTTP Request: POST https://api.telegram.org/bot7799189731:AAEMRmHCqakU7Uw5xTGimQgZ2N7UQnaqhOA/getUpdates "HTTP/1.1 200 OK"
INFO:httpx:HTTP Request: POST https://api.telegram.org/bot7799189731:AAEMRmHCqakU7Uw5xTGimQgZ2N7UQnaqhOA/getUpdates "HTTP/1.1 200 OK"
INFO:httpx:HTTP Request: POST https://api.telegram.org/bot7799189731:AAEMRmHCqakU7Uw5xTGimQgZ2N7UQnaqhOA/getUpdates "HTTP/1.1 200 OK"
INFO:httpx:HTTP Request: POST https://api.telegram.org/bot7799189731:AAEMRmHCqakU7Uw5xTGimQgZ2N7UQnaqhOA/getUpdates "HTTP/1.1 200 OK"
INFO:httpx:HTTP Request: POST https://api.telegram.org/bot7799189731:AAEMRmHCqakU7Uw5xTGimQgZ2N7UQnaqhOA/getUpdates "HTTP/1.1 200 OK"
INFO:httpx:HTTP Request: POST https://api.telegram.org/bot7799189731:AAEMRmHCqakU7Uw5xTGimQgZ2N7UQnaqhOA/getUpdates "HTTP/1.1 200 OK"
INFO:httpx:HTTP Request: POST https://api.telegram.org/bot7799189731:AAEMRmHCqakU7Uw5xTGimQgZ2N7UQnaqhOA/getUpdates "HTTP/1.1 200 OK"
INFO:httpx:HTTP Request: POST https://api.telegram.org/bot7799189731:AAEMRmHCqakU7Uw5xTGimQgZ2N7UQnaqhOA/getUpdates "HTTP/1.1 200 OK"
INFO:httpx:HTTP Request: POST https://api.telegram.org/bot7799189731:AAEMRmHCqakU7Uw5xTGimQgZ2N7UQnaqhOA/getUpdates "HTTP/1.1 200 OK"
INFO:httpx:HTTP Request: POST https://api.telegram.org/bot7799189731:AAEMRmHCqakU7Uw5xTGimQgZ2N7UQnaqhOA/getUpdates "HTTP/1.1 200 OK"
INFO:httpx:HTTP Request: POST https://api.telegram.org/bot7799189731:AAEMRmHCqakU7Uw5xTGimQgZ2N7UQnaqhOA/getUpdates "HTTP/1.1 200 OK"
INFO:httpx:HTTP Request: POST https://api.telegram.org/bot7799189731:AAEMRmHCqakU7Uw5xTGimQgZ2N7UQnaqhOA/getUpdates "HTTP/1.1 200 OK"
INFO:httpx:HTTP Request: POST https://api.telegram.org/bot7799189731:AAEMRmHCqakU7Uw5xTGimQgZ2N7UQnaqhOA/getUpdates "HTTP/1.1 200 OK"
INFO:httpx:HTTP Request: POST https://api.telegram.org/bot7799189731:AAEMRmHCqakU7Uw5xTGimQgZ2N7UQnaqhOA/getUpdates "HTTP/1.1 200 OK"
INFO:httpx:HTTP Request: POST https://api.telegram.org/bot7799189731:AAEMRmHCqakU7Uw5xTGimQgZ2N7UQnaqhOA/getUpdates "HTTP/1.1 200 OK"
INFO:httpx:HTTP Request: POST https://api.telegram.org/bot7799189731:AAEMRmHCqakU7Uw5xTGimQgZ2N7UQnaqhOA/getUpdates "HTTP/1.1 200 OK"
INFO:httpx:HTTP Request: POST https://api.telegram.org/bot7799189731:AAEMRmHCqakU7Uw5xTGimQgZ2N7UQnaqhOA/getUpdates "HTTP/1.1 200 OK"
INFO:httpx:HTTP Request: POST https://api.telegram.org/bot7799189731:AAEMRmHCqakU7Uw5xTGimQgZ2N7UQnaqhOA/getUpdates "HTTP/1.1 200 OK"
INFO:telegram.ext.Application:Application is stopping. This might take a moment.
INFO:telegram.ext.Application:Application.stop() complete
INFO:root:The bot started
INFO:httpx:HTTP Request: POST https://api.telegram.org/bot7799189731:AAEMRmHCqakU7Uw5xTGimQgZ2N7UQnaqhOA/getMe "HTTP/1.1 200 OK"
INFO:httpx:HTTP Request: POST https://api.telegram.org/bot7799189731:AAEMRmHCqakU7Uw5xTGimQgZ2N7UQnaqhOA/deleteWebhook "HTTP/1.1 200 OK"
INFO:telegram.ext.Application:Application started
INFO:httpx:HTTP Request: POST https://api.telegram.org/bot7799189731:AAEMRmHCqakU7Uw5xTGimQgZ2N7UQnaqhOA/getUpdates "HTTP/1.1 200 OK"
INFO:httpx:HTTP Request: POST https://api.telegram.org/bot7799189731:AAEMRmHCqakU7Uw5xTGimQgZ2N7UQnaqhOA/sendMessage "HTTP/1.1 400 Bad Request"
ERROR:telegram.ext.Application:No error handlers are registered, logging exception.
Traceback (most recent call last):
  File "/Users/kristina.bakancheva/project/virtual_enviroments/calendar_telegram_miniapp_venv/lib/python3.13/site-packages/telegram/ext/_application.py", line 1325, in process_update
    await coroutine
  File "/Users/kristina.bakancheva/project/virtual_enviroments/calendar_telegram_miniapp_venv/lib/python3.13/site-packages/telegram/ext/_handlers/basehandler.py", line 158, in handle_update
    return await self.callback(update, context)
           ^^^^^^^^^^^^^^^^^^^^^^^^^^^^^^^^^^^^
  File "/Users/kristina.bakancheva/project/calendar_telegram_miniapp/telegram_bot/bot.py", line 18, in start
    await update.message.reply_text(
    ...<5 lines>...
        ))
  File "/Users/kristina.bakancheva/project/virtual_enviroments/calendar_telegram_miniapp_venv/lib/python3.13/site-packages/telegram/_message.py", line 1771, in reply_text
    return await self.get_bot().send_message(
           ^^^^^^^^^^^^^^^^^^^^^^^^^^^^^^^^^^
    ...<20 lines>...
    )
    ^
  File "/Users/kristina.bakancheva/project/virtual_enviroments/calendar_telegram_miniapp_venv/lib/python3.13/site-packages/telegram/ext/_extbot.py", line 2965, in send_message
    return await super().send_message(
           ^^^^^^^^^^^^^^^^^^^^^^^^^^^
    ...<21 lines>...
    )
    ^
  File "/Users/kristina.bakancheva/project/virtual_enviroments/calendar_telegram_miniapp_venv/lib/python3.13/site-packages/telegram/_bot.py", line 1019, in send_message
    return await self._send_message(
           ^^^^^^^^^^^^^^^^^^^^^^^^^
    ...<19 lines>...
    )
    ^
  File "/Users/kristina.bakancheva/project/virtual_enviroments/calendar_telegram_miniapp_venv/lib/python3.13/site-packages/telegram/ext/_extbot.py", line 610, in _send_message
    result = await super()._send_message(
             ^^^^^^^^^^^^^^^^^^^^^^^^^^^^
    ...<21 lines>...
    )
    ^
  File "/Users/kristina.bakancheva/project/virtual_enviroments/calendar_telegram_miniapp_venv/lib/python3.13/site-packages/telegram/_bot.py", line 731, in _send_message
    result = await self._post(
             ^^^^^^^^^^^^^^^^^
    ...<7 lines>...
    )
    ^
  File "/Users/kristina.bakancheva/project/virtual_enviroments/calendar_telegram_miniapp_venv/lib/python3.13/site-packages/telegram/_bot.py", line 619, in _post
    return await self._do_post(
           ^^^^^^^^^^^^^^^^^^^^
    ...<6 lines>...
    )
    ^
  File "/Users/kristina.bakancheva/project/virtual_enviroments/calendar_telegram_miniapp_venv/lib/python3.13/site-packages/telegram/ext/_extbot.py", line 354, in _do_post
    return await super()._do_post(
           ^^^^^^^^^^^^^^^^^^^^^^^
    ...<6 lines>...
    )
    ^
  File "/Users/kristina.bakancheva/project/virtual_enviroments/calendar_telegram_miniapp_venv/lib/python3.13/site-packages/telegram/_bot.py", line 648, in _do_post
    result = await request.post(
             ^^^^^^^^^^^^^^^^^^^
    ...<6 lines>...
    )
    ^
  File "/Users/kristina.bakancheva/project/virtual_enviroments/calendar_telegram_miniapp_venv/lib/python3.13/site-packages/telegram/request/_baserequest.py", line 202, in post
    result = await self._request_wrapper(
             ^^^^^^^^^^^^^^^^^^^^^^^^^^^^
    ...<7 lines>...
    )
    ^
  File "/Users/kristina.bakancheva/project/virtual_enviroments/calendar_telegram_miniapp_venv/lib/python3.13/site-packages/telegram/request/_baserequest.py", line 383, in _request_wrapper
    raise BadRequest(message)
telegram.error.BadRequest: Keyboard button web app url '' is invalid: url host is empty
INFO:httpx:HTTP Request: POST https://api.telegram.org/bot7799189731:AAEMRmHCqakU7Uw5xTGimQgZ2N7UQnaqhOA/getUpdates "HTTP/1.1 200 OK"
INFO:httpx:HTTP Request: POST https://api.telegram.org/bot7799189731:AAEMRmHCqakU7Uw5xTGimQgZ2N7UQnaqhOA/getUpdates "HTTP/1.1 200 OK"
INFO:httpx:HTTP Request: POST https://api.telegram.org/bot7799189731:AAEMRmHCqakU7Uw5xTGimQgZ2N7UQnaqhOA/getUpdates "HTTP/1.1 200 OK"
INFO:httpx:HTTP Request: POST https://api.telegram.org/bot7799189731:AAEMRmHCqakU7Uw5xTGimQgZ2N7UQnaqhOA/getUpdates "HTTP/1.1 200 OK"
INFO:httpx:HTTP Request: POST https://api.telegram.org/bot7799189731:AAEMRmHCqakU7Uw5xTGimQgZ2N7UQnaqhOA/getUpdates "HTTP/1.1 200 OK"
INFO:httpx:HTTP Request: POST https://api.telegram.org/bot7799189731:AAEMRmHCqakU7Uw5xTGimQgZ2N7UQnaqhOA/getUpdates "HTTP/1.1 200 OK"
INFO:httpx:HTTP Request: POST https://api.telegram.org/bot7799189731:AAEMRmHCqakU7Uw5xTGimQgZ2N7UQnaqhOA/getUpdates "HTTP/1.1 200 OK"
INFO:httpx:HTTP Request: POST https://api.telegram.org/bot7799189731:AAEMRmHCqakU7Uw5xTGimQgZ2N7UQnaqhOA/getUpdates "HTTP/1.1 200 OK"
INFO:httpx:HTTP Request: POST https://api.telegram.org/bot7799189731:AAEMRmHCqakU7Uw5xTGimQgZ2N7UQnaqhOA/getUpdates "HTTP/1.1 200 OK"
INFO:httpx:HTTP Request: POST https://api.telegram.org/bot7799189731:AAEMRmHCqakU7Uw5xTGimQgZ2N7UQnaqhOA/getUpdates "HTTP/1.1 200 OK"
INFO:httpx:HTTP Request: POST https://api.telegram.org/bot7799189731:AAEMRmHCqakU7Uw5xTGimQgZ2N7UQnaqhOA/getUpdates "HTTP/1.1 200 OK"
INFO:httpx:HTTP Request: POST https://api.telegram.org/bot7799189731:AAEMRmHCqakU7Uw5xTGimQgZ2N7UQnaqhOA/getUpdates "HTTP/1.1 200 OK"
INFO:httpx:HTTP Request: POST https://api.telegram.org/bot7799189731:AAEMRmHCqakU7Uw5xTGimQgZ2N7UQnaqhOA/getUpdates "HTTP/1.1 200 OK"
INFO:httpx:HTTP Request: POST https://api.telegram.org/bot7799189731:AAEMRmHCqakU7Uw5xTGimQgZ2N7UQnaqhOA/getUpdates "HTTP/1.1 200 OK"
INFO:httpx:HTTP Request: POST https://api.telegram.org/bot7799189731:AAEMRmHCqakU7Uw5xTGimQgZ2N7UQnaqhOA/getUpdates "HTTP/1.1 200 OK"
INFO:httpx:HTTP Request: POST https://api.telegram.org/bot7799189731:AAEMRmHCqakU7Uw5xTGimQgZ2N7UQnaqhOA/getUpdates "HTTP/1.1 200 OK"
INFO:httpx:HTTP Request: POST https://api.telegram.org/bot7799189731:AAEMRmHCqakU7Uw5xTGimQgZ2N7UQnaqhOA/getUpdates "HTTP/1.1 200 OK"
INFO:httpx:HTTP Request: POST https://api.telegram.org/bot7799189731:AAEMRmHCqakU7Uw5xTGimQgZ2N7UQnaqhOA/getUpdates "HTTP/1.1 200 OK"
INFO:httpx:HTTP Request: POST https://api.telegram.org/bot7799189731:AAEMRmHCqakU7Uw5xTGimQgZ2N7UQnaqhOA/getUpdates "HTTP/1.1 200 OK"
INFO:httpx:HTTP Request: POST https://api.telegram.org/bot7799189731:AAEMRmHCqakU7Uw5xTGimQgZ2N7UQnaqhOA/getUpdates "HTTP/1.1 200 OK"
INFO:httpx:HTTP Request: POST https://api.telegram.org/bot7799189731:AAEMRmHCqakU7Uw5xTGimQgZ2N7UQnaqhOA/getUpdates "HTTP/1.1 200 OK"
INFO:telegram.ext.Application:Application is stopping. This might take a moment.
INFO:telegram.ext.Application:Application.stop() complete
INFO:root:The bot started
INFO:httpx:HTTP Request: POST https://api.telegram.org/bot7799189731:AAEMRmHCqakU7Uw5xTGimQgZ2N7UQnaqhOA/getMe "HTTP/1.1 200 OK"
INFO:httpx:HTTP Request: POST https://api.telegram.org/bot7799189731:AAEMRmHCqakU7Uw5xTGimQgZ2N7UQnaqhOA/deleteWebhook "HTTP/1.1 200 OK"
INFO:telegram.ext.Application:Application started
INFO:httpx:HTTP Request: POST https://api.telegram.org/bot7799189731:AAEMRmHCqakU7Uw5xTGimQgZ2N7UQnaqhOA/getUpdates "HTTP/1.1 200 OK"
INFO:httpx:HTTP Request: POST https://api.telegram.org/bot7799189731:AAEMRmHCqakU7Uw5xTGimQgZ2N7UQnaqhOA/sendMessage "HTTP/1.1 400 Bad Request"
ERROR:telegram.ext.Application:No error handlers are registered, logging exception.
Traceback (most recent call last):
  File "/Users/kristina.bakancheva/project/virtual_enviroments/calendar_telegram_miniapp_venv/lib/python3.13/site-packages/telegram/ext/_application.py", line 1325, in process_update
    await coroutine
  File "/Users/kristina.bakancheva/project/virtual_enviroments/calendar_telegram_miniapp_venv/lib/python3.13/site-packages/telegram/ext/_handlers/basehandler.py", line 158, in handle_update
    return await self.callback(update, context)
           ^^^^^^^^^^^^^^^^^^^^^^^^^^^^^^^^^^^^
  File "/Users/kristina.bakancheva/project/calendar_telegram_miniapp/telegram_bot/bot.py", line 19, in start
    await update.message.reply_text(
    ...<5 lines>...
        ))
  File "/Users/kristina.bakancheva/project/virtual_enviroments/calendar_telegram_miniapp_venv/lib/python3.13/site-packages/telegram/_message.py", line 1771, in reply_text
    return await self.get_bot().send_message(
           ^^^^^^^^^^^^^^^^^^^^^^^^^^^^^^^^^^
    ...<20 lines>...
    )
    ^
  File "/Users/kristina.bakancheva/project/virtual_enviroments/calendar_telegram_miniapp_venv/lib/python3.13/site-packages/telegram/ext/_extbot.py", line 2965, in send_message
    return await super().send_message(
           ^^^^^^^^^^^^^^^^^^^^^^^^^^^
    ...<21 lines>...
    )
    ^
  File "/Users/kristina.bakancheva/project/virtual_enviroments/calendar_telegram_miniapp_venv/lib/python3.13/site-packages/telegram/_bot.py", line 1019, in send_message
    return await self._send_message(
           ^^^^^^^^^^^^^^^^^^^^^^^^^
    ...<19 lines>...
    )
    ^
  File "/Users/kristina.bakancheva/project/virtual_enviroments/calendar_telegram_miniapp_venv/lib/python3.13/site-packages/telegram/ext/_extbot.py", line 610, in _send_message
    result = await super()._send_message(
             ^^^^^^^^^^^^^^^^^^^^^^^^^^^^
    ...<21 lines>...
    )
    ^
  File "/Users/kristina.bakancheva/project/virtual_enviroments/calendar_telegram_miniapp_venv/lib/python3.13/site-packages/telegram/_bot.py", line 731, in _send_message
    result = await self._post(
             ^^^^^^^^^^^^^^^^^
    ...<7 lines>...
    )
    ^
  File "/Users/kristina.bakancheva/project/virtual_enviroments/calendar_telegram_miniapp_venv/lib/python3.13/site-packages/telegram/_bot.py", line 619, in _post
    return await self._do_post(
           ^^^^^^^^^^^^^^^^^^^^
    ...<6 lines>...
    )
    ^
  File "/Users/kristina.bakancheva/project/virtual_enviroments/calendar_telegram_miniapp_venv/lib/python3.13/site-packages/telegram/ext/_extbot.py", line 354, in _do_post
    return await super()._do_post(
           ^^^^^^^^^^^^^^^^^^^^^^^
    ...<6 lines>...
    )
    ^
  File "/Users/kristina.bakancheva/project/virtual_enviroments/calendar_telegram_miniapp_venv/lib/python3.13/site-packages/telegram/_bot.py", line 648, in _do_post
    result = await request.post(
             ^^^^^^^^^^^^^^^^^^^
    ...<6 lines>...
    )
    ^
  File "/Users/kristina.bakancheva/project/virtual_enviroments/calendar_telegram_miniapp_venv/lib/python3.13/site-packages/telegram/request/_baserequest.py", line 202, in post
    result = await self._request_wrapper(
             ^^^^^^^^^^^^^^^^^^^^^^^^^^^^
    ...<7 lines>...
    )
    ^
  File "/Users/kristina.bakancheva/project/virtual_enviroments/calendar_telegram_miniapp_venv/lib/python3.13/site-packages/telegram/request/_baserequest.py", line 383, in _request_wrapper
    raise BadRequest(message)
telegram.error.BadRequest: Keyboard button web app url '' is invalid: url host is empty
INFO:httpx:HTTP Request: POST https://api.telegram.org/bot7799189731:AAEMRmHCqakU7Uw5xTGimQgZ2N7UQnaqhOA/getUpdates "HTTP/1.1 200 OK"
INFO:httpx:HTTP Request: POST https://api.telegram.org/bot7799189731:AAEMRmHCqakU7Uw5xTGimQgZ2N7UQnaqhOA/getUpdates "HTTP/1.1 200 OK"
INFO:httpx:HTTP Request: POST https://api.telegram.org/bot7799189731:AAEMRmHCqakU7Uw5xTGimQgZ2N7UQnaqhOA/getUpdates "HTTP/1.1 200 OK"
INFO:httpx:HTTP Request: POST https://api.telegram.org/bot7799189731:AAEMRmHCqakU7Uw5xTGimQgZ2N7UQnaqhOA/getUpdates "HTTP/1.1 200 OK"
INFO:httpx:HTTP Request: POST https://api.telegram.org/bot7799189731:AAEMRmHCqakU7Uw5xTGimQgZ2N7UQnaqhOA/getUpdates "HTTP/1.1 200 OK"
INFO:httpx:HTTP Request: POST https://api.telegram.org/bot7799189731:AAEMRmHCqakU7Uw5xTGimQgZ2N7UQnaqhOA/getUpdates "HTTP/1.1 200 OK"
INFO:httpx:HTTP Request: POST https://api.telegram.org/bot7799189731:AAEMRmHCqakU7Uw5xTGimQgZ2N7UQnaqhOA/getUpdates "HTTP/1.1 200 OK"
INFO:telegram.ext.Application:Application is stopping. This might take a moment.
INFO:telegram.ext.Application:Application.stop() complete
INFO:root:The bot started
INFO:httpx:HTTP Request: POST https://api.telegram.org/bot7799189731:AAEMRmHCqakU7Uw5xTGimQgZ2N7UQnaqhOA/getMe "HTTP/1.1 200 OK"
INFO:httpx:HTTP Request: POST https://api.telegram.org/bot7799189731:AAEMRmHCqakU7Uw5xTGimQgZ2N7UQnaqhOA/deleteWebhook "HTTP/1.1 200 OK"
INFO:telegram.ext.Application:Application started
INFO:httpx:HTTP Request: POST https://api.telegram.org/bot7799189731:AAEMRmHCqakU7Uw5xTGimQgZ2N7UQnaqhOA/getUpdates "HTTP/1.1 200 OK"
ERROR:telegram.ext.Application:No error handlers are registered, logging exception.
Traceback (most recent call last):
  File "/Users/kristina.bakancheva/project/virtual_enviroments/calendar_telegram_miniapp_venv/lib/python3.13/site-packages/telegram/ext/_application.py", line 1325, in process_update
    await coroutine
  File "/Users/kristina.bakancheva/project/virtual_enviroments/calendar_telegram_miniapp_venv/lib/python3.13/site-packages/telegram/ext/_handlers/basehandler.py", line 158, in handle_update
    return await self.callback(update, context)
           ^^^^^^^^^^^^^^^^^^^^^^^^^^^^^^^^^^^^
  File "/Users/kristina.bakancheva/project/calendar_telegram_miniapp/telegram_bot/bot.py", line 24, in start
    web_app=WebAppInfo(url=settings.APP_URL,
            ~~~~~~~~~~^^^^^^^^^^^^^^^^^^^^^^
                       telegram_id=telegram_id,
                       ^^^^^^^^^^^^^^^^^^^^^^^^
                       telegram=telegram))
                       ^^^^^^^^^^^^^^^^^^
TypeError: WebAppInfo.__init__() got an unexpected keyword argument 'telegram_id'
INFO:httpx:HTTP Request: POST https://api.telegram.org/bot7799189731:AAEMRmHCqakU7Uw5xTGimQgZ2N7UQnaqhOA/getUpdates "HTTP/1.1 200 OK"
INFO:httpx:HTTP Request: POST https://api.telegram.org/bot7799189731:AAEMRmHCqakU7Uw5xTGimQgZ2N7UQnaqhOA/getUpdates "HTTP/1.1 200 OK"
INFO:httpx:HTTP Request: POST https://api.telegram.org/bot7799189731:AAEMRmHCqakU7Uw5xTGimQgZ2N7UQnaqhOA/getUpdates "HTTP/1.1 200 OK"
INFO:httpx:HTTP Request: POST https://api.telegram.org/bot7799189731:AAEMRmHCqakU7Uw5xTGimQgZ2N7UQnaqhOA/getUpdates "HTTP/1.1 200 OK"
INFO:httpx:HTTP Request: POST https://api.telegram.org/bot7799189731:AAEMRmHCqakU7Uw5xTGimQgZ2N7UQnaqhOA/getUpdates "HTTP/1.1 200 OK"
INFO:httpx:HTTP Request: POST https://api.telegram.org/bot7799189731:AAEMRmHCqakU7Uw5xTGimQgZ2N7UQnaqhOA/getUpdates "HTTP/1.1 200 OK"
INFO:httpx:HTTP Request: POST https://api.telegram.org/bot7799189731:AAEMRmHCqakU7Uw5xTGimQgZ2N7UQnaqhOA/getUpdates "HTTP/1.1 200 OK"
INFO:httpx:HTTP Request: POST https://api.telegram.org/bot7799189731:AAEMRmHCqakU7Uw5xTGimQgZ2N7UQnaqhOA/getUpdates "HTTP/1.1 200 OK"
INFO:httpx:HTTP Request: POST https://api.telegram.org/bot7799189731:AAEMRmHCqakU7Uw5xTGimQgZ2N7UQnaqhOA/getUpdates "HTTP/1.1 200 OK"
INFO:httpx:HTTP Request: POST https://api.telegram.org/bot7799189731:AAEMRmHCqakU7Uw5xTGimQgZ2N7UQnaqhOA/getUpdates "HTTP/1.1 200 OK"
INFO:httpx:HTTP Request: POST https://api.telegram.org/bot7799189731:AAEMRmHCqakU7Uw5xTGimQgZ2N7UQnaqhOA/getUpdates "HTTP/1.1 200 OK"
INFO:httpx:HTTP Request: POST https://api.telegram.org/bot7799189731:AAEMRmHCqakU7Uw5xTGimQgZ2N7UQnaqhOA/getUpdates "HTTP/1.1 200 OK"
INFO:httpx:HTTP Request: POST https://api.telegram.org/bot7799189731:AAEMRmHCqakU7Uw5xTGimQgZ2N7UQnaqhOA/getUpdates "HTTP/1.1 200 OK"
INFO:httpx:HTTP Request: POST https://api.telegram.org/bot7799189731:AAEMRmHCqakU7Uw5xTGimQgZ2N7UQnaqhOA/getUpdates "HTTP/1.1 200 OK"
INFO:httpx:HTTP Request: POST https://api.telegram.org/bot7799189731:AAEMRmHCqakU7Uw5xTGimQgZ2N7UQnaqhOA/getUpdates "HTTP/1.1 200 OK"
INFO:telegram.ext.Application:Application is stopping. This might take a moment.
INFO:telegram.ext.Application:Application.stop() complete
INFO:root:The bot started
INFO:httpx:HTTP Request: POST https://api.telegram.org/bot7799189731:AAEMRmHCqakU7Uw5xTGimQgZ2N7UQnaqhOA/getMe "HTTP/1.1 200 OK"
INFO:httpx:HTTP Request: POST https://api.telegram.org/bot7799189731:AAEMRmHCqakU7Uw5xTGimQgZ2N7UQnaqhOA/deleteWebhook "HTTP/1.1 200 OK"
INFO:telegram.ext.Application:Application started
INFO:httpx:HTTP Request: POST https://api.telegram.org/bot7799189731:AAEMRmHCqakU7Uw5xTGimQgZ2N7UQnaqhOA/getUpdates "HTTP/1.1 200 OK"
INFO:httpx:HTTP Request: POST https://api.telegram.org/bot7799189731:AAEMRmHCqakU7Uw5xTGimQgZ2N7UQnaqhOA/sendMessage "HTTP/1.1 200 OK"
INFO:httpx:HTTP Request: POST https://api.telegram.org/bot7799189731:AAEMRmHCqakU7Uw5xTGimQgZ2N7UQnaqhOA/getUpdates "HTTP/1.1 200 OK"
INFO:httpx:HTTP Request: POST https://api.telegram.org/bot7799189731:AAEMRmHCqakU7Uw5xTGimQgZ2N7UQnaqhOA/getUpdates "HTTP/1.1 200 OK"
INFO:httpx:HTTP Request: POST https://api.telegram.org/bot7799189731:AAEMRmHCqakU7Uw5xTGimQgZ2N7UQnaqhOA/getUpdates "HTTP/1.1 200 OK"
INFO:httpx:HTTP Request: POST https://api.telegram.org/bot7799189731:AAEMRmHCqakU7Uw5xTGimQgZ2N7UQnaqhOA/getUpdates "HTTP/1.1 200 OK"
INFO:httpx:HTTP Request: POST https://api.telegram.org/bot7799189731:AAEMRmHCqakU7Uw5xTGimQgZ2N7UQnaqhOA/getUpdates "HTTP/1.1 200 OK"
INFO:httpx:HTTP Request: POST https://api.telegram.org/bot7799189731:AAEMRmHCqakU7Uw5xTGimQgZ2N7UQnaqhOA/getUpdates "HTTP/1.1 200 OK"
INFO:httpx:HTTP Request: POST https://api.telegram.org/bot7799189731:AAEMRmHCqakU7Uw5xTGimQgZ2N7UQnaqhOA/getUpdates "HTTP/1.1 200 OK"
INFO:httpx:HTTP Request: POST https://api.telegram.org/bot7799189731:AAEMRmHCqakU7Uw5xTGimQgZ2N7UQnaqhOA/getUpdates "HTTP/1.1 200 OK"
INFO:httpx:HTTP Request: POST https://api.telegram.org/bot7799189731:AAEMRmHCqakU7Uw5xTGimQgZ2N7UQnaqhOA/getUpdates "HTTP/1.1 200 OK"
INFO:httpx:HTTP Request: POST https://api.telegram.org/bot7799189731:AAEMRmHCqakU7Uw5xTGimQgZ2N7UQnaqhOA/getUpdates "HTTP/1.1 200 OK"
INFO:httpx:HTTP Request: POST https://api.telegram.org/bot7799189731:AAEMRmHCqakU7Uw5xTGimQgZ2N7UQnaqhOA/getUpdates "HTTP/1.1 200 OK"
INFO:httpx:HTTP Request: POST https://api.telegram.org/bot7799189731:AAEMRmHCqakU7Uw5xTGimQgZ2N7UQnaqhOA/getUpdates "HTTP/1.1 200 OK"
INFO:httpx:HTTP Request: POST https://api.telegram.org/bot7799189731:AAEMRmHCqakU7Uw5xTGimQgZ2N7UQnaqhOA/getUpdates "HTTP/1.1 200 OK"
INFO:httpx:HTTP Request: POST https://api.telegram.org/bot7799189731:AAEMRmHCqakU7Uw5xTGimQgZ2N7UQnaqhOA/getUpdates "HTTP/1.1 200 OK"
INFO:httpx:HTTP Request: POST https://api.telegram.org/bot7799189731:AAEMRmHCqakU7Uw5xTGimQgZ2N7UQnaqhOA/getUpdates "HTTP/1.1 200 OK"
INFO:httpx:HTTP Request: POST https://api.telegram.org/bot7799189731:AAEMRmHCqakU7Uw5xTGimQgZ2N7UQnaqhOA/getUpdates "HTTP/1.1 200 OK"
INFO:httpx:HTTP Request: POST https://api.telegram.org/bot7799189731:AAEMRmHCqakU7Uw5xTGimQgZ2N7UQnaqhOA/getUpdates "HTTP/1.1 200 OK"
INFO:httpx:HTTP Request: POST https://api.telegram.org/bot7799189731:AAEMRmHCqakU7Uw5xTGimQgZ2N7UQnaqhOA/getUpdates "HTTP/1.1 200 OK"
INFO:root:The bot started
INFO:httpx:HTTP Request: POST https://api.telegram.org/bot7799189731:AAEMRmHCqakU7Uw5xTGimQgZ2N7UQnaqhOA/getMe "HTTP/1.1 200 OK"
INFO:httpx:HTTP Request: POST https://api.telegram.org/bot7799189731:AAEMRmHCqakU7Uw5xTGimQgZ2N7UQnaqhOA/deleteWebhook "HTTP/1.1 200 OK"
INFO:telegram.ext.Application:Application started
INFO:httpx:HTTP Request: POST https://api.telegram.org/bot7799189731:AAEMRmHCqakU7Uw5xTGimQgZ2N7UQnaqhOA/getUpdates "HTTP/1.1 200 OK"
INFO:httpx:HTTP Request: POST https://api.telegram.org/bot7799189731:AAEMRmHCqakU7Uw5xTGimQgZ2N7UQnaqhOA/sendMessage "HTTP/1.1 400 Bad Request"
ERROR:telegram.ext.Application:No error handlers are registered, logging exception.
Traceback (most recent call last):
  File "/Users/kristina.bakancheva/project/virtual_enviroments/calendar_telegram_miniapp_venv/lib/python3.13/site-packages/telegram/ext/_application.py", line 1325, in process_update
    await coroutine
  File "/Users/kristina.bakancheva/project/virtual_enviroments/calendar_telegram_miniapp_venv/lib/python3.13/site-packages/telegram/ext/_handlers/basehandler.py", line 158, in handle_update
    return await self.callback(update, context)
           ^^^^^^^^^^^^^^^^^^^^^^^^^^^^^^^^^^^^
  File "/Users/kristina.bakancheva/project/calendar_telegram_miniapp/telegram_bot/bot.py", line 22, in start
    await update.message.reply_text(
    ...<5 lines>...
        ))
  File "/Users/kristina.bakancheva/project/virtual_enviroments/calendar_telegram_miniapp_venv/lib/python3.13/site-packages/telegram/_message.py", line 1771, in reply_text
    return await self.get_bot().send_message(
           ^^^^^^^^^^^^^^^^^^^^^^^^^^^^^^^^^^
    ...<20 lines>...
    )
    ^
  File "/Users/kristina.bakancheva/project/virtual_enviroments/calendar_telegram_miniapp_venv/lib/python3.13/site-packages/telegram/ext/_extbot.py", line 2965, in send_message
    return await super().send_message(
           ^^^^^^^^^^^^^^^^^^^^^^^^^^^
    ...<21 lines>...
    )
    ^
  File "/Users/kristina.bakancheva/project/virtual_enviroments/calendar_telegram_miniapp_venv/lib/python3.13/site-packages/telegram/_bot.py", line 1019, in send_message
    return await self._send_message(
           ^^^^^^^^^^^^^^^^^^^^^^^^^
    ...<19 lines>...
    )
    ^
  File "/Users/kristina.bakancheva/project/virtual_enviroments/calendar_telegram_miniapp_venv/lib/python3.13/site-packages/telegram/ext/_extbot.py", line 610, in _send_message
    result = await super()._send_message(
             ^^^^^^^^^^^^^^^^^^^^^^^^^^^^
    ...<21 lines>...
    )
    ^
  File "/Users/kristina.bakancheva/project/virtual_enviroments/calendar_telegram_miniapp_venv/lib/python3.13/site-packages/telegram/_bot.py", line 731, in _send_message
    result = await self._post(
             ^^^^^^^^^^^^^^^^^
    ...<7 lines>...
    )
    ^
  File "/Users/kristina.bakancheva/project/virtual_enviroments/calendar_telegram_miniapp_venv/lib/python3.13/site-packages/telegram/_bot.py", line 619, in _post
    return await self._do_post(
           ^^^^^^^^^^^^^^^^^^^^
    ...<6 lines>...
    )
    ^
  File "/Users/kristina.bakancheva/project/virtual_enviroments/calendar_telegram_miniapp_venv/lib/python3.13/site-packages/telegram/ext/_extbot.py", line 354, in _do_post
    return await super()._do_post(
           ^^^^^^^^^^^^^^^^^^^^^^^
    ...<6 lines>...
    )
    ^
  File "/Users/kristina.bakancheva/project/virtual_enviroments/calendar_telegram_miniapp_venv/lib/python3.13/site-packages/telegram/_bot.py", line 648, in _do_post
    result = await request.post(
             ^^^^^^^^^^^^^^^^^^^
    ...<6 lines>...
    )
    ^
  File "/Users/kristina.bakancheva/project/virtual_enviroments/calendar_telegram_miniapp_venv/lib/python3.13/site-packages/telegram/request/_baserequest.py", line 202, in post
    result = await self._request_wrapper(
             ^^^^^^^^^^^^^^^^^^^^^^^^^^^^
    ...<7 lines>...
    )
    ^
  File "/Users/kristina.bakancheva/project/virtual_enviroments/calendar_telegram_miniapp_venv/lib/python3.13/site-packages/telegram/request/_baserequest.py", line 383, in _request_wrapper
    raise BadRequest(message)
telegram.error.BadRequest: Keyboard button web app url '(https://www.kaggle.com?telegram_id=284303797' is invalid: unsupported url protocol
INFO:httpx:HTTP Request: POST https://api.telegram.org/bot7799189731:AAEMRmHCqakU7Uw5xTGimQgZ2N7UQnaqhOA/getUpdates "HTTP/1.1 200 OK"
INFO:httpx:HTTP Request: POST https://api.telegram.org/bot7799189731:AAEMRmHCqakU7Uw5xTGimQgZ2N7UQnaqhOA/getUpdates "HTTP/1.1 200 OK"
INFO:httpx:HTTP Request: POST https://api.telegram.org/bot7799189731:AAEMRmHCqakU7Uw5xTGimQgZ2N7UQnaqhOA/getUpdates "HTTP/1.1 200 OK"
INFO:root:The bot started
INFO:httpx:HTTP Request: POST https://api.telegram.org/bot7799189731:AAEMRmHCqakU7Uw5xTGimQgZ2N7UQnaqhOA/getMe "HTTP/1.1 200 OK"
INFO:httpx:HTTP Request: POST https://api.telegram.org/bot7799189731:AAEMRmHCqakU7Uw5xTGimQgZ2N7UQnaqhOA/deleteWebhook "HTTP/1.1 200 OK"
INFO:telegram.ext.Application:Application started
INFO:httpx:HTTP Request: POST https://api.telegram.org/bot7799189731:AAEMRmHCqakU7Uw5xTGimQgZ2N7UQnaqhOA/getUpdates "HTTP/1.1 200 OK"
INFO:httpx:HTTP Request: POST https://api.telegram.org/bot7799189731:AAEMRmHCqakU7Uw5xTGimQgZ2N7UQnaqhOA/sendMessage "HTTP/1.1 200 OK"
INFO:httpx:HTTP Request: POST https://api.telegram.org/bot7799189731:AAEMRmHCqakU7Uw5xTGimQgZ2N7UQnaqhOA/getUpdates "HTTP/1.1 200 OK"
INFO:httpx:HTTP Request: POST https://api.telegram.org/bot7799189731:AAEMRmHCqakU7Uw5xTGimQgZ2N7UQnaqhOA/getUpdates "HTTP/1.1 200 OK"
INFO:httpx:HTTP Request: POST https://api.telegram.org/bot7799189731:AAEMRmHCqakU7Uw5xTGimQgZ2N7UQnaqhOA/getUpdates "HTTP/1.1 200 OK"
INFO:httpx:HTTP Request: POST https://api.telegram.org/bot7799189731:AAEMRmHCqakU7Uw5xTGimQgZ2N7UQnaqhOA/getUpdates "HTTP/1.1 200 OK"
INFO:httpx:HTTP Request: POST https://api.telegram.org/bot7799189731:AAEMRmHCqakU7Uw5xTGimQgZ2N7UQnaqhOA/getUpdates "HTTP/1.1 200 OK"
INFO:httpx:HTTP Request: POST https://api.telegram.org/bot7799189731:AAEMRmHCqakU7Uw5xTGimQgZ2N7UQnaqhOA/getUpdates "HTTP/1.1 200 OK"
INFO:httpx:HTTP Request: POST https://api.telegram.org/bot7799189731:AAEMRmHCqakU7Uw5xTGimQgZ2N7UQnaqhOA/getUpdates "HTTP/1.1 200 OK"
INFO:httpx:HTTP Request: POST https://api.telegram.org/bot7799189731:AAEMRmHCqakU7Uw5xTGimQgZ2N7UQnaqhOA/getUpdates "HTTP/1.1 200 OK"
INFO:httpx:HTTP Request: POST https://api.telegram.org/bot7799189731:AAEMRmHCqakU7Uw5xTGimQgZ2N7UQnaqhOA/getUpdates "HTTP/1.1 200 OK"
INFO:httpx:HTTP Request: POST https://api.telegram.org/bot7799189731:AAEMRmHCqakU7Uw5xTGimQgZ2N7UQnaqhOA/getUpdates "HTTP/1.1 200 OK"
INFO:httpx:HTTP Request: POST https://api.telegram.org/bot7799189731:AAEMRmHCqakU7Uw5xTGimQgZ2N7UQnaqhOA/getUpdates "HTTP/1.1 200 OK"
INFO:httpx:HTTP Request: POST https://api.telegram.org/bot7799189731:AAEMRmHCqakU7Uw5xTGimQgZ2N7UQnaqhOA/getUpdates "HTTP/1.1 200 OK"
INFO:httpx:HTTP Request: POST https://api.telegram.org/bot7799189731:AAEMRmHCqakU7Uw5xTGimQgZ2N7UQnaqhOA/getUpdates "HTTP/1.1 200 OK"
INFO:httpx:HTTP Request: POST https://api.telegram.org/bot7799189731:AAEMRmHCqakU7Uw5xTGimQgZ2N7UQnaqhOA/getUpdates "HTTP/1.1 200 OK"
INFO:httpx:HTTP Request: POST https://api.telegram.org/bot7799189731:AAEMRmHCqakU7Uw5xTGimQgZ2N7UQnaqhOA/getUpdates "HTTP/1.1 200 OK"
INFO:httpx:HTTP Request: POST https://api.telegram.org/bot7799189731:AAEMRmHCqakU7Uw5xTGimQgZ2N7UQnaqhOA/getUpdates "HTTP/1.1 200 OK"
INFO:httpx:HTTP Request: POST https://api.telegram.org/bot7799189731:AAEMRmHCqakU7Uw5xTGimQgZ2N7UQnaqhOA/getUpdates "HTTP/1.1 200 OK"
INFO:httpx:HTTP Request: POST https://api.telegram.org/bot7799189731:AAEMRmHCqakU7Uw5xTGimQgZ2N7UQnaqhOA/getUpdates "HTTP/1.1 200 OK"
INFO:httpx:HTTP Request: POST https://api.telegram.org/bot7799189731:AAEMRmHCqakU7Uw5xTGimQgZ2N7UQnaqhOA/getUpdates "HTTP/1.1 200 OK"
INFO:httpx:HTTP Request: POST https://api.telegram.org/bot7799189731:AAEMRmHCqakU7Uw5xTGimQgZ2N7UQnaqhOA/getUpdates "HTTP/1.1 200 OK"
INFO:httpx:HTTP Request: POST https://api.telegram.org/bot7799189731:AAEMRmHCqakU7Uw5xTGimQgZ2N7UQnaqhOA/getUpdates "HTTP/1.1 200 OK"
INFO:httpx:HTTP Request: POST https://api.telegram.org/bot7799189731:AAEMRmHCqakU7Uw5xTGimQgZ2N7UQnaqhOA/getUpdates "HTTP/1.1 200 OK"
INFO:httpx:HTTP Request: POST https://api.telegram.org/bot7799189731:AAEMRmHCqakU7Uw5xTGimQgZ2N7UQnaqhOA/getUpdates "HTTP/1.1 200 OK"
INFO:httpx:HTTP Request: POST https://api.telegram.org/bot7799189731:AAEMRmHCqakU7Uw5xTGimQgZ2N7UQnaqhOA/getUpdates "HTTP/1.1 200 OK"
INFO:httpx:HTTP Request: POST https://api.telegram.org/bot7799189731:AAEMRmHCqakU7Uw5xTGimQgZ2N7UQnaqhOA/getUpdates "HTTP/1.1 200 OK"
INFO:httpx:HTTP Request: POST https://api.telegram.org/bot7799189731:AAEMRmHCqakU7Uw5xTGimQgZ2N7UQnaqhOA/getUpdates "HTTP/1.1 200 OK"
INFO:httpx:HTTP Request: POST https://api.telegram.org/bot7799189731:AAEMRmHCqakU7Uw5xTGimQgZ2N7UQnaqhOA/getUpdates "HTTP/1.1 200 OK"
INFO:httpx:HTTP Request: POST https://api.telegram.org/bot7799189731:AAEMRmHCqakU7Uw5xTGimQgZ2N7UQnaqhOA/getUpdates "HTTP/1.1 200 OK"
INFO:httpx:HTTP Request: POST https://api.telegram.org/bot7799189731:AAEMRmHCqakU7Uw5xTGimQgZ2N7UQnaqhOA/getUpdates "HTTP/1.1 200 OK"
INFO:httpx:HTTP Request: POST https://api.telegram.org/bot7799189731:AAEMRmHCqakU7Uw5xTGimQgZ2N7UQnaqhOA/getUpdates "HTTP/1.1 200 OK"
INFO:httpx:HTTP Request: POST https://api.telegram.org/bot7799189731:AAEMRmHCqakU7Uw5xTGimQgZ2N7UQnaqhOA/getUpdates "HTTP/1.1 200 OK"
INFO:httpx:HTTP Request: POST https://api.telegram.org/bot7799189731:AAEMRmHCqakU7Uw5xTGimQgZ2N7UQnaqhOA/getUpdates "HTTP/1.1 200 OK"
INFO:httpx:HTTP Request: POST https://api.telegram.org/bot7799189731:AAEMRmHCqakU7Uw5xTGimQgZ2N7UQnaqhOA/getUpdates "HTTP/1.1 200 OK"
INFO:httpx:HTTP Request: POST https://api.telegram.org/bot7799189731:AAEMRmHCqakU7Uw5xTGimQgZ2N7UQnaqhOA/getUpdates "HTTP/1.1 200 OK"
INFO:httpx:HTTP Request: POST https://api.telegram.org/bot7799189731:AAEMRmHCqakU7Uw5xTGimQgZ2N7UQnaqhOA/getUpdates "HTTP/1.1 200 OK"
INFO:httpx:HTTP Request: POST https://api.telegram.org/bot7799189731:AAEMRmHCqakU7Uw5xTGimQgZ2N7UQnaqhOA/getUpdates "HTTP/1.1 200 OK"
INFO:httpx:HTTP Request: POST https://api.telegram.org/bot7799189731:AAEMRmHCqakU7Uw5xTGimQgZ2N7UQnaqhOA/getUpdates "HTTP/1.1 200 OK"
INFO:httpx:HTTP Request: POST https://api.telegram.org/bot7799189731:AAEMRmHCqakU7Uw5xTGimQgZ2N7UQnaqhOA/getUpdates "HTTP/1.1 200 OK"
INFO:httpx:HTTP Request: POST https://api.telegram.org/bot7799189731:AAEMRmHCqakU7Uw5xTGimQgZ2N7UQnaqhOA/getUpdates "HTTP/1.1 200 OK"
INFO:telegram.ext.Application:Application is stopping. This might take a moment.
INFO:telegram.ext.Application:Application.stop() complete
INFO:root:The bot started
INFO:httpx:HTTP Request: POST https://api.telegram.org/bot7799189731:AAEMRmHCqakU7Uw5xTGimQgZ2N7UQnaqhOA/getMe "HTTP/1.1 200 OK"
INFO:httpx:HTTP Request: POST https://api.telegram.org/bot7799189731:AAEMRmHCqakU7Uw5xTGimQgZ2N7UQnaqhOA/deleteWebhook "HTTP/1.1 200 OK"
INFO:telegram.ext.Application:Application started
INFO:httpx:HTTP Request: POST https://api.telegram.org/bot7799189731:AAEMRmHCqakU7Uw5xTGimQgZ2N7UQnaqhOA/getUpdates "HTTP/1.1 200 OK"
ERROR:telegram.ext.Application:No error handlers are registered, logging exception.
Traceback (most recent call last):
  File "/Users/kristina.bakancheva/project/virtual_enviroments/calendar_telegram_miniapp_venv/lib/python3.13/site-packages/telegram/ext/_application.py", line 1325, in process_update
    await coroutine
  File "/Users/kristina.bakancheva/project/virtual_enviroments/calendar_telegram_miniapp_venv/lib/python3.13/site-packages/telegram/ext/_handlers/basehandler.py", line 158, in handle_update
    return await self.callback(update, context)
           ^^^^^^^^^^^^^^^^^^^^^^^^^^^^^^^^^^^^
  File "/Users/kristina.bakancheva/project/calendar_telegram_miniapp/telegram_bot/bot.py", line 26, in start
                           web_app=WebAppInfo(url=app_url),
                           reresize_keyboard=True)
    ))
TypeError: KeyboardButton.__init__() got an unexpected keyword argument 'reresize_keyboard'
INFO:httpx:HTTP Request: POST https://api.telegram.org/bot7799189731:AAEMRmHCqakU7Uw5xTGimQgZ2N7UQnaqhOA/getUpdates "HTTP/1.1 200 OK"
INFO:httpx:HTTP Request: POST https://api.telegram.org/bot7799189731:AAEMRmHCqakU7Uw5xTGimQgZ2N7UQnaqhOA/getUpdates "HTTP/1.1 200 OK"
INFO:httpx:HTTP Request: POST https://api.telegram.org/bot7799189731:AAEMRmHCqakU7Uw5xTGimQgZ2N7UQnaqhOA/getUpdates "HTTP/1.1 200 OK"
INFO:root:The bot started
INFO:httpx:HTTP Request: POST https://api.telegram.org/bot7799189731:AAEMRmHCqakU7Uw5xTGimQgZ2N7UQnaqhOA/getMe "HTTP/1.1 200 OK"
INFO:httpx:HTTP Request: POST https://api.telegram.org/bot7799189731:AAEMRmHCqakU7Uw5xTGimQgZ2N7UQnaqhOA/deleteWebhook "HTTP/1.1 200 OK"
INFO:telegram.ext.Application:Application started
INFO:httpx:HTTP Request: POST https://api.telegram.org/bot7799189731:AAEMRmHCqakU7Uw5xTGimQgZ2N7UQnaqhOA/getUpdates "HTTP/1.1 200 OK"
ERROR:telegram.ext.Application:No error handlers are registered, logging exception.
Traceback (most recent call last):
  File "/Users/kristina.bakancheva/project/virtual_enviroments/calendar_telegram_miniapp_venv/lib/python3.13/site-packages/telegram/ext/_application.py", line 1325, in process_update
    await coroutine
  File "/Users/kristina.bakancheva/project/virtual_enviroments/calendar_telegram_miniapp_venv/lib/python3.13/site-packages/telegram/ext/_handlers/basehandler.py", line 158, in handle_update
    return await self.callback(update, context)
           ^^^^^^^^^^^^^^^^^^^^^^^^^^^^^^^^^^^^
  File "/Users/kristina.bakancheva/project/calendar_telegram_miniapp/telegram_bot/bot.py", line 24, in start
    KeyboardButton("Callendar app",
    ~~~~~~~~~~~~~~^^^^^^^^^^^^^^^^^
                   web_app=WebAppInfo(url=app_url),
                   ^^^^^^^^^^^^^^^^^^^^^^^^^^^^^^^^
                   resize_keyboard=True)
                   ^^^^^^^^^^^^^^^^^^^^^
TypeError: KeyboardButton.__init__() got an unexpected keyword argument 'resize_keyboard'
INFO:httpx:HTTP Request: POST https://api.telegram.org/bot7799189731:AAEMRmHCqakU7Uw5xTGimQgZ2N7UQnaqhOA/getUpdates "HTTP/1.1 200 OK"
INFO:httpx:HTTP Request: POST https://api.telegram.org/bot7799189731:AAEMRmHCqakU7Uw5xTGimQgZ2N7UQnaqhOA/getUpdates "HTTP/1.1 200 OK"
INFO:httpx:HTTP Request: POST https://api.telegram.org/bot7799189731:AAEMRmHCqakU7Uw5xTGimQgZ2N7UQnaqhOA/getUpdates "HTTP/1.1 200 OK"
INFO:httpx:HTTP Request: POST https://api.telegram.org/bot7799189731:AAEMRmHCqakU7Uw5xTGimQgZ2N7UQnaqhOA/getUpdates "HTTP/1.1 200 OK"
INFO:httpx:HTTP Request: POST https://api.telegram.org/bot7799189731:AAEMRmHCqakU7Uw5xTGimQgZ2N7UQnaqhOA/getUpdates "HTTP/1.1 200 OK"
INFO:httpx:HTTP Request: POST https://api.telegram.org/bot7799189731:AAEMRmHCqakU7Uw5xTGimQgZ2N7UQnaqhOA/getUpdates "HTTP/1.1 200 OK"
INFO:telegram.ext.Application:Application is stopping. This might take a moment.
INFO:telegram.ext.Application:Application.stop() complete
INFO:root:The bot started
INFO:httpx:HTTP Request: POST https://api.telegram.org/bot7799189731:AAEMRmHCqakU7Uw5xTGimQgZ2N7UQnaqhOA/getMe "HTTP/1.1 200 OK"
INFO:httpx:HTTP Request: POST https://api.telegram.org/bot7799189731:AAEMRmHCqakU7Uw5xTGimQgZ2N7UQnaqhOA/deleteWebhook "HTTP/1.1 200 OK"
INFO:telegram.ext.Application:Application started
INFO:httpx:HTTP Request: POST https://api.telegram.org/bot7799189731:AAEMRmHCqakU7Uw5xTGimQgZ2N7UQnaqhOA/getUpdates "HTTP/1.1 200 OK"
INFO:httpx:HTTP Request: POST https://api.telegram.org/bot7799189731:AAEMRmHCqakU7Uw5xTGimQgZ2N7UQnaqhOA/sendMessage "HTTP/1.1 200 OK"
INFO:httpx:HTTP Request: POST https://api.telegram.org/bot7799189731:AAEMRmHCqakU7Uw5xTGimQgZ2N7UQnaqhOA/getUpdates "HTTP/1.1 200 OK"
INFO:httpx:HTTP Request: POST https://api.telegram.org/bot7799189731:AAEMRmHCqakU7Uw5xTGimQgZ2N7UQnaqhOA/getUpdates "HTTP/1.1 200 OK"
INFO:httpx:HTTP Request: POST https://api.telegram.org/bot7799189731:AAEMRmHCqakU7Uw5xTGimQgZ2N7UQnaqhOA/getUpdates "HTTP/1.1 200 OK"
INFO:httpx:HTTP Request: POST https://api.telegram.org/bot7799189731:AAEMRmHCqakU7Uw5xTGimQgZ2N7UQnaqhOA/getUpdates "HTTP/1.1 200 OK"
INFO:httpx:HTTP Request: POST https://api.telegram.org/bot7799189731:AAEMRmHCqakU7Uw5xTGimQgZ2N7UQnaqhOA/getUpdates "HTTP/1.1 200 OK"
INFO:httpx:HTTP Request: POST https://api.telegram.org/bot7799189731:AAEMRmHCqakU7Uw5xTGimQgZ2N7UQnaqhOA/getUpdates "HTTP/1.1 200 OK"
INFO:httpx:HTTP Request: POST https://api.telegram.org/bot7799189731:AAEMRmHCqakU7Uw5xTGimQgZ2N7UQnaqhOA/getUpdates "HTTP/1.1 200 OK"
INFO:httpx:HTTP Request: POST https://api.telegram.org/bot7799189731:AAEMRmHCqakU7Uw5xTGimQgZ2N7UQnaqhOA/getUpdates "HTTP/1.1 200 OK"
INFO:telegram.ext.Application:Application is stopping. This might take a moment.
INFO:telegram.ext.Application:Application.stop() complete
